C:\Program Files\Microsoft Visual Studio\2022\Enterprise\MSBuild\Microsoft\VC\v170\Microsoft.CppBuild.targets(531,5): warning MSB8028: The intermediate directory (x64\Debug\) contains files shared from another project (OpenGL_lab_03.vcxproj).  This can lead to incorrect clean and rebuild behavior.
  BMPLoader.cpp
  main.cpp
  visuals.cpp
C:\Users\vicko\Desktop\UOP\6ο ΕΞΑΜΗΝΟ\OpenGL\OpenGLFinal_Kounadi_Mazarakis\OpenGL_Final\visuals.cpp(20,16): warning C4305: 'initializing': truncation from 'double' to 'float'
C:\Users\vicko\Desktop\UOP\6ο ΕΞΑΜΗΝΟ\OpenGL\OpenGLFinal_Kounadi_Mazarakis\OpenGL_Final\visuals.cpp(24,17): warning C4305: 'initializing': truncation from 'double' to 'float'
C:\Users\vicko\Desktop\UOP\6ο ΕΞΑΜΗΝΟ\OpenGL\OpenGLFinal_Kounadi_Mazarakis\OpenGL_Final\visuals.cpp(33,23): warning C4305: 'initializing': truncation from 'double' to 'float'
C:\Users\vicko\Desktop\UOP\6ο ΕΞΑΜΗΝΟ\OpenGL\OpenGLFinal_Kounadi_Mazarakis\OpenGL_Final\visuals.cpp(146,29): warning C4305: 'argument': truncation from 'double' to 'GLfloat'
C:\Users\vicko\Desktop\UOP\6ο ΕΞΑΜΗΝΟ\OpenGL\OpenGLFinal_Kounadi_Mazarakis\OpenGL_Final\visuals.cpp(149,28): warning C4305: 'argument': truncation from 'double' to 'GLfloat'
C:\Users\vicko\Desktop\UOP\6ο ΕΞΑΜΗΝΟ\OpenGL\OpenGLFinal_Kounadi_Mazarakis\OpenGL_Final\visuals.cpp(149,18): warning C4305: 'argument': truncation from 'double' to 'GLfloat'
C:\Users\vicko\Desktop\UOP\6ο ΕΞΑΜΗΝΟ\OpenGL\OpenGLFinal_Kounadi_Mazarakis\OpenGL_Final\visuals.cpp(154,29): warning C4305: 'argument': truncation from 'double' to 'GLfloat'
C:\Users\vicko\Desktop\UOP\6ο ΕΞΑΜΗΝΟ\OpenGL\OpenGLFinal_Kounadi_Mazarakis\OpenGL_Final\visuals.cpp(157,28): warning C4305: 'argument': truncation from 'double' to 'GLfloat'
C:\Users\vicko\Desktop\UOP\6ο ΕΞΑΜΗΝΟ\OpenGL\OpenGLFinal_Kounadi_Mazarakis\OpenGL_Final\visuals.cpp(157,18): warning C4305: 'argument': truncation from 'double' to 'GLfloat'
C:\Users\vicko\Desktop\UOP\6ο ΕΞΑΜΗΝΟ\OpenGL\OpenGLFinal_Kounadi_Mazarakis\OpenGL_Final\visuals.cpp(177,29): warning C4305: 'argument': truncation from 'double' to 'GLfloat'
C:\Users\vicko\Desktop\UOP\6ο ΕΞΑΜΗΝΟ\OpenGL\OpenGLFinal_Kounadi_Mazarakis\OpenGL_Final\visuals.cpp(195,29): warning C4305: 'argument': truncation from 'double' to 'GLfloat'
C:\Users\vicko\Desktop\UOP\6ο ΕΞΑΜΗΝΟ\OpenGL\OpenGLFinal_Kounadi_Mazarakis\OpenGL_Final\visuals.cpp(214,30): warning C4305: 'argument': truncation from 'double' to 'GLfloat'
C:\Users\vicko\Desktop\UOP\6ο ΕΞΑΜΗΝΟ\OpenGL\OpenGLFinal_Kounadi_Mazarakis\OpenGL_Final\visuals.cpp(220,30): warning C4305: 'argument': truncation from 'double' to 'GLfloat'
C:\Users\vicko\Desktop\UOP\6ο ΕΞΑΜΗΝΟ\OpenGL\OpenGLFinal_Kounadi_Mazarakis\OpenGL_Final\visuals.cpp(227,30): warning C4305: 'argument': truncation from 'double' to 'GLfloat'
C:\Users\vicko\Desktop\UOP\6ο ΕΞΑΜΗΝΟ\OpenGL\OpenGLFinal_Kounadi_Mazarakis\OpenGL_Final\visuals.cpp(235,34): warning C4305: 'argument': truncation from 'double' to 'GLfloat'
C:\Users\vicko\Desktop\UOP\6ο ΕΞΑΜΗΝΟ\OpenGL\OpenGLFinal_Kounadi_Mazarakis\OpenGL_Final\visuals.cpp(237,28): warning C4305: 'argument': truncation from 'double' to 'GLfloat'
C:\Users\vicko\Desktop\UOP\6ο ΕΞΑΜΗΝΟ\OpenGL\OpenGLFinal_Kounadi_Mazarakis\OpenGL_Final\visuals.cpp(237,23): warning C4305: 'argument': truncation from 'double' to 'GLfloat'
C:\Users\vicko\Desktop\UOP\6ο ΕΞΑΜΗΝΟ\OpenGL\OpenGLFinal_Kounadi_Mazarakis\OpenGL_Final\visuals.cpp(237,18): warning C4305: 'argument': truncation from 'double' to 'GLfloat'
C:\Users\vicko\Desktop\UOP\6ο ΕΞΑΜΗΝΟ\OpenGL\OpenGLFinal_Kounadi_Mazarakis\OpenGL_Final\visuals.cpp(244,34): warning C4305: 'argument': truncation from 'double' to 'GLfloat'
C:\Users\vicko\Desktop\UOP\6ο ΕΞΑΜΗΝΟ\OpenGL\OpenGLFinal_Kounadi_Mazarakis\OpenGL_Final\visuals.cpp(281,20): warning C4244: 'initializing': conversion from 'double' to 'float', possible loss of data
C:\Users\vicko\Desktop\UOP\6ο ΕΞΑΜΗΝΟ\OpenGL\OpenGLFinal_Kounadi_Mazarakis\OpenGL_Final\visuals.cpp(339,31): warning C4305: '-=': truncation from 'double' to 'float'
C:\Users\vicko\Desktop\UOP\6ο ΕΞΑΜΗΝΟ\OpenGL\OpenGLFinal_Kounadi_Mazarakis\OpenGL_Final\visuals.cpp(371,24): warning C4305: '+=': truncation from 'double' to 'float'
C:\Users\vicko\Desktop\UOP\6ο ΕΞΑΜΗΝΟ\OpenGL\OpenGLFinal_Kounadi_Mazarakis\OpenGL_Final\visuals.cpp(372,26): warning C4305: '+=': truncation from 'double' to 'float'
C:\Users\vicko\Desktop\UOP\6ο ΕΞΑΜΗΝΟ\OpenGL\OpenGLFinal_Kounadi_Mazarakis\OpenGL_Final\visuals.cpp(375,24): warning C4305: '-=': truncation from 'double' to 'float'
C:\Users\vicko\Desktop\UOP\6ο ΕΞΑΜΗΝΟ\OpenGL\OpenGLFinal_Kounadi_Mazarakis\OpenGL_Final\visuals.cpp(376,36): warning C4305: 'argument': truncation from 'double' to 'float'
C:\Users\vicko\Desktop\UOP\6ο ΕΞΑΜΗΝΟ\OpenGL\OpenGLFinal_Kounadi_Mazarakis\OpenGL_Final\visuals.cpp(377,26): warning C4305: '-=': truncation from 'double' to 'float'
C:\Users\vicko\Desktop\UOP\6ο ΕΞΑΜΗΝΟ\OpenGL\OpenGLFinal_Kounadi_Mazarakis\OpenGL_Final\visuals.cpp(378,38): warning C4305: 'argument': truncation from 'double' to 'float'
C:\Users\vicko\Desktop\UOP\6ο ΕΞΑΜΗΝΟ\OpenGL\OpenGLFinal_Kounadi_Mazarakis\OpenGL_Final\visuals.cpp(491,44): warning C4305: 'argument': truncation from 'double' to 'float'
  Generating Code...
  OpenGL_lab_03.vcxproj -> C:\Users\vicko\Desktop\UOP\6ο ΕΞΑΜΗΝΟ\OpenGL\OpenGLFinal_Kounadi_Mazarakis\OpenGL_Final\x64\Debug\OpenGL_Final2023.exe
